#list -a
[0][CH:2] HiSmart-01-ca2c4fa21896 -31
[1][CH:2] Keenetic-1658 -55
[2][CH:2] Beeline_2G_F41136 -75
[3][CH:2] MGTS_GPON_691E -88
[4][CH:3] TP-Link_F3EB -58
[5][CH:3] Ivlin -87
[6][CH:6] Apple AirPods -30
[7][CH:6] TP-Link_IoT_94DC -30
[8][CH:6] 2e:ef:15:03:94:db -30
[9][CH:8] 3xnetwork2g -68
[10][CH:9] network -80
[11][CH:10] Beeline_2G_F72653 -58
[12][CH:10] 06:71:53:68:1c:c6 -58
[13][CH:11] c2:c9:e3:0a:68:08 -79
[14][CH:11] AKADO-8440 -87
[15][CH:11] c2:c9:e3:0a:65:90 -78
[16][CH:11] RedApple -86
[17][CH:11] RT-WiFi-F84A -89
[18][CH:1] AKADO-E3F9 -88
[19][CH:1] MGTS_GPON_A17A -57
[20][CH:1] INTERDENT -87
[21][CH:6] DIRECT-Mi-Pantum P2500 Series -87
[22][CH:7] Beeline_2G_FF8225 -69
[23][CH:9] Linkline23 -86
[24][CH:1] Beeline_2G_F34814 -83
[25][CH:1] Linkline19 -89
[26][CH:1] C-JamClub -87
[27][CH:1] Miro_EXT -89
[28][CH:5] RT-WiFi-B4A1 -71
[29][CH:7] 52:ff:20:f8:cc:e5 -84
[30][CH:8] 52:ff:20:f4:88:b9 -91
[31][CH:8] smartwifi -89
[32][CH:9] MT-MACTEP2 -91
[33][CH:10] TP-Link_F392 -90
[34][CH:1] DIR-825 -92
[35][CH:1] WiFi-Repeater -91
[36][CH:2] MTS_GPON_ff6e38 -87
[37][CH:2] Router-3900 -91
[38][CH:7] DooRs-M -79
[39][CH:7] 52:ff:20:fa:32:d8 -81
[40][CH:9] 52:ff:20:fc:7b:e0 -92
[41][CH:10] TP-Link_33EC -86
[42][CH:10] TP-Link_B8F1 -91
[43][CH:10] ce:ba:bd:26:b8:f1 -91
[44][CH:11] 76:da:88:0b:47:b8 -92
[45][CH:11] MTS8341FT_796ECA -90
[46][CH:2] Tel_88 -91
[47][CH:5] da:da:21:5f:bb:ea -88
[48][CH:13] Asus_Asus -93
[49][CH:5] Linkline11 -84
[50][CH:9] ASUS -91
[51][CH:9] 50:ff:20:5e:2d:60 -92
[52][CH:12] Keenetic-6084 -92
[53][CH:9] Keenetic -91
[54][CH:11] ce:32:e5:e0:a3:7e -89
[55][CH:8] MGTS_GPON_7B08 -89
[56][CH:10] Xiaomi_9711 -90
[57][CH:1] MT_FREE -92
[58][CH:5] Keenetic-4708 -86
[59][CH:2] MGTS_GPON_2637 -94
[60][CH:3] RT-WiFi-40FC -90
[61][CH:3] Igor -92
[62][CH:7] AKADO-06C8 -90
[63][CH:6] Bob's -90
[64][CH:9] MGTS_GPON_B5F6 -88
[65][CH:1] Linkline 123 -89
[66][CH:2] MGTS_GPON_49DD -89
[67][CH:1] 70mai_A200_90aa -89
[68][CH:11] RT-WiFi-B2C8 -90
[69][CH:11] Beeline_2G_F17765 -90
0 selected
> 